<?xml version="1.0" encoding="UTF-8"?>
<robot generator="Robot 3.1.2 (Python 3.8.2 on win32)" generated="20200417 16:24:31.118" rpa="false">
<suite id="s1" name="Test" source="c:\GIT\robot\test.robot">
<test id="s1-t1" name="Deve retornar mensagem de boas vindas">
<kw name="Welcome" library="app">
<arguments>
<arg>Aline</arg>
</arguments>
<assign>
<var>${result}</var>
</assign>
<msg timestamp="20200417 16:24:31.143" level="INFO">${result} = Olá Aline, bem vinda ao curso básico de RobotFramework!</msg>
<status status="PASS" starttime="20200417 16:24:31.143" endtime="20200417 16:24:31.143"></status>
</kw>
<kw name="Should Be Equal" library="BuiltIn">
<doc>Fails if the given objects are unequal.</doc>
<arguments>
<arg>${result}</arg>
<arg>Olá Aline, bem vinda ao curso básico de RobotFramework</arg>
</arguments>
<msg timestamp="20200417 16:24:31.144" level="FAIL">Olá Aline, bem vinda ao curso básico de RobotFramework! != Olá Aline, bem vinda ao curso básico de RobotFramework</msg>
<status status="FAIL" starttime="20200417 16:24:31.143" endtime="20200417 16:24:31.144"></status>
</kw>
<status status="FAIL" starttime="20200417 16:24:31.142" endtime="20200417 16:24:31.144" critical="yes">Olá Aline, bem vinda ao curso básico de RobotFramework! != Olá Aline, bem vinda ao curso básico de RobotFramework</status>
</test>
<status status="FAIL" starttime="20200417 16:24:31.120" endtime="20200417 16:24:31.145"></status>
</suite>
<statistics>
<total>
<stat pass="0" fail="1">Critical Tests</stat>
<stat pass="0" fail="1">All Tests</stat>
</total>
<tag>
</tag>
<suite>
<stat pass="0" fail="1" id="s1" name="Test">Test</stat>
</suite>
</statistics>
<errors>
</errors>
</robot>
